<?xml version='1.0' encoding='UTF-8'?>
<testsuite hostname="Andrews-MacBook-Pro-2.local" name="IntegrationSpec" tests="6" errors="0" failures="1" time="11.213">
                     <properties>
[...]
</properties>
                     <testcase classname="IntegrationSpec" name="Application should::work from within a browser" time="5.832">
                                                 
                                               </testcase><testcase classname="IntegrationSpec" name="Application should::add a new user from the browser" time="2.32">
                                                 
                                               </testcase><testcase classname="IntegrationSpec" name="Application should::prevent an incorrect email from being added" time="1.232">
                                                 <failure message="'&lt;?xml version=&quot;1.0&quot; encoding=&quot;UTF-8&quot;?&gt;
&lt;html lang=&quot;en&quot;&gt;
  &lt;head&gt;
    &lt;title&gt;
      Add User
    &lt;/title&gt;
    &lt;link rel=&quot;stylesheet&quot; media=&quot;screen&quot; href=&quot;/assets/stylesheets/main.css&quot;/&gt;
    &lt;link rel=&quot;shortcut icon&quot; type=&quot;image/png&quot; href=&quot;/assets/images/favicon.png&quot;/&gt;
    &lt;script src=&quot;/assets/javascripts/hello.js&quot; type=&quot;text/javascript&quot;&gt;
    &lt;/script&gt;
    &lt;script src=&quot;//code.jquery.com/jquery-1.11.3.min.js&quot;&gt;
    &lt;/script&gt;
    &lt;script src=&quot;//code.jquery.com/jquery-migrate-1.2.1.min.js&quot;&gt;
    &lt;/script&gt;
    &lt;link rel=&quot;stylesheet&quot; href=&quot;https://maxcdn.bootstrapcdn.com/bootstrap/3.3.5/css/bootstrap.min.css&quot;/&gt;
    &lt;link rel=&quot;stylesheet&quot; href=&quot;https://maxcdn.bootstrapcdn.com/bootstrap/3.3.5/css/bootstrap-theme.min.css&quot;/&gt;
    &lt;script src=&quot;https://maxcdn.bootstrapcdn.com/bootstrap/3.3.5/js/bootstrap.min.js&quot;&gt;
    &lt;/script&gt;
  &lt;/head&gt;
  &lt;body style=&quot;zoom: 1;&quot;&gt;
    &lt;nav class=&quot;navbar navbar-default&quot;&gt;
      &lt;div class=&quot;container-fluid&quot;&gt;
        &lt;ul class=&quot;nav navbar-nav&quot;&gt;
          &lt;li role=&quot; presentation&quot;&gt;
            &lt;a href=&quot;/add&quot;&gt;
              Add User
            &lt;/a&gt;
          &lt;/li&gt;
          &lt;li role=&quot;presentation&quot;&gt;
            &lt;a href=&quot;/api/list&quot;&gt;
              View Users
            &lt;/a&gt;
          &lt;/li&gt;
        &lt;/ul&gt;
        &lt;form class=&quot;navbar-form navbar-left&quot; role=&quot;search&quot; method=&quot;get&quot; action=&quot;/search&quot;&gt;
          &lt;div class=&quot;form-group&quot;&gt;
            &lt;input name=&quot;name&quot; type=&quot;text&quot; class=&quot;form-control&quot; placeholder=&quot;Search for&quot;/&gt;
          &lt;/div&gt;
          &lt;div class=&quot;form-group&quot;&gt;
            &lt;select name=&quot;field&quot; class=&quot;form-control&quot;&gt;
              &lt;option value=&quot;name&quot; selected=&quot;selected&quot;&gt;
                Name
              &lt;/option&gt;
              &lt;option value=&quot;email&quot;&gt;
                Email
              &lt;/option&gt;
            &lt;/select&gt;
          &lt;/div&gt;
          &lt;button type=&quot;submit&quot; class=&quot;btn btn-default&quot;&gt;
            Search
          &lt;/button&gt;
        &lt;/form&gt;
      &lt;/div&gt;
    &lt;/nav&gt;
    &lt;div class=&quot;alert alert-success&quot; role=&quot;alert&quot;&gt;
      The user was successfully added!
    &lt;/div&gt;
    &lt;form id=&quot;user_form&quot; class=&quot;form-horizontal&quot; name=&quot;user&quot; method=&quot;post&quot; action=&quot;/create&quot;&gt;
      &lt;div class=&quot;form-group&quot;&gt;
        &lt;div class=&quot;col-xs-6 col-md-4&quot;&gt;
          &lt;label for=&quot;name&quot;&gt;
            Name:
          &lt;/label&gt;
        &lt;/div&gt;
        &lt;div class=&quot;col-xs-6 col-md-4&quot;&gt;
          &lt;input id=&quot;name&quot; class=&quot;form-control&quot; name=&quot;name&quot; type=&quot;text&quot;/&gt;
        &lt;/div&gt;
      &lt;/div&gt;
      &lt;div class=&quot;form-group&quot;&gt;
        &lt;div class=&quot;col-xs-6 col-md-4&quot;&gt;
          &lt;label for=&quot;email&quot;&gt;
            Email:
          &lt;/label&gt;
        &lt;/div&gt;
        &lt;div class=&quot;col-xs-6 col-md-4&quot;&gt;
          &lt;input id=&quot;email&quot; class=&quot;form-control&quot; name=&quot;email&quot; type=&quot;email&quot;/&gt;
        &lt;/div&gt;
      &lt;/div&gt;
      &lt;div class=&quot;form-group&quot;&gt;
        &lt;div class=&quot;col-xs-6 col-md-4&quot;&gt;
          &lt;button id=&quot;button&quot; class=&quot;btn btn-default&quot;&gt;
            Add User
          &lt;/button&gt;
        &lt;/div&gt;
      &lt;/div&gt;
    &lt;/form&gt;
  &lt;/body&gt;
&lt;/html&gt;
' contains 'The user was successfully added!'" type="sbt.ForkMain$ForkError">sbt.ForkMain$ForkError: '&lt;?xml version=&quot;1.0&quot; encoding=&quot;UTF-8&quot;?&gt;
&lt;html lang=&quot;en&quot;&gt;
  &lt;head&gt;
    &lt;title&gt;
      Add User
    &lt;/title&gt;
    &lt;link rel=&quot;stylesheet&quot; media=&quot;screen&quot; href=&quot;/assets/stylesheets/main.css&quot;/&gt;
    &lt;link rel=&quot;shortcut icon&quot; type=&quot;image/png&quot; href=&quot;/assets/images/favicon.png&quot;/&gt;
    &lt;script src=&quot;/assets/javascripts/hello.js&quot; type=&quot;text/javascript&quot;&gt;
    &lt;/script&gt;
    &lt;script src=&quot;//code.jquery.com/jquery-1.11.3.min.js&quot;&gt;
    &lt;/script&gt;
    &lt;script src=&quot;//code.jquery.com/jquery-migrate-1.2.1.min.js&quot;&gt;
    &lt;/script&gt;
    &lt;link rel=&quot;stylesheet&quot; href=&quot;https://maxcdn.bootstrapcdn.com/bootstrap/3.3.5/css/bootstrap.min.css&quot;/&gt;
    &lt;link rel=&quot;stylesheet&quot; href=&quot;https://maxcdn.bootstrapcdn.com/bootstrap/3.3.5/css/bootstrap-theme.min.css&quot;/&gt;
    &lt;script src=&quot;https://maxcdn.bootstrapcdn.com/bootstrap/3.3.5/js/bootstrap.min.js&quot;&gt;
    &lt;/script&gt;
  &lt;/head&gt;
  &lt;body style=&quot;zoom: 1;&quot;&gt;
    &lt;nav class=&quot;navbar navbar-default&quot;&gt;
      &lt;div class=&quot;container-fluid&quot;&gt;
        &lt;ul class=&quot;nav navbar-nav&quot;&gt;
          &lt;li role=&quot; presentation&quot;&gt;
            &lt;a href=&quot;/add&quot;&gt;
              Add User
            &lt;/a&gt;
          &lt;/li&gt;
          &lt;li role=&quot;presentation&quot;&gt;
            &lt;a href=&quot;/api/list&quot;&gt;
              View Users
            &lt;/a&gt;
          &lt;/li&gt;
        &lt;/ul&gt;
        &lt;form class=&quot;navbar-form navbar-left&quot; role=&quot;search&quot; method=&quot;get&quot; action=&quot;/search&quot;&gt;
          &lt;div class=&quot;form-group&quot;&gt;
            &lt;input name=&quot;name&quot; type=&quot;text&quot; class=&quot;form-control&quot; placeholder=&quot;Search for&quot;/&gt;
          &lt;/div&gt;
          &lt;div class=&quot;form-group&quot;&gt;
            &lt;select name=&quot;field&quot; class=&quot;form-control&quot;&gt;
              &lt;option value=&quot;name&quot; selected=&quot;selected&quot;&gt;
                Name
              &lt;/option&gt;
              &lt;option value=&quot;email&quot;&gt;
                Email
              &lt;/option&gt;
            &lt;/select&gt;
          &lt;/div&gt;
          &lt;button type=&quot;submit&quot; class=&quot;btn btn-default&quot;&gt;
            Search
          &lt;/button&gt;
        &lt;/form&gt;
      &lt;/div&gt;
    &lt;/nav&gt;
    &lt;div class=&quot;alert alert-success&quot; role=&quot;alert&quot;&gt;
      The user was successfully added!
    &lt;/div&gt;
    &lt;form id=&quot;user_form&quot; class=&quot;form-horizontal&quot; name=&quot;user&quot; method=&quot;post&quot; action=&quot;/create&quot;&gt;
      &lt;div class=&quot;form-group&quot;&gt;
        &lt;div class=&quot;col-xs-6 col-md-4&quot;&gt;
          &lt;label for=&quot;name&quot;&gt;
            Name:
          &lt;/label&gt;
        &lt;/div&gt;
        &lt;div class=&quot;col-xs-6 col-md-4&quot;&gt;
          &lt;input id=&quot;name&quot; class=&quot;form-control&quot; name=&quot;name&quot; type=&quot;text&quot;/&gt;
        &lt;/div&gt;
      &lt;/div&gt;
      &lt;div class=&quot;form-group&quot;&gt;
        &lt;div class=&quot;col-xs-6 col-md-4&quot;&gt;
          &lt;label for=&quot;email&quot;&gt;
            Email:
          &lt;/label&gt;
        &lt;/div&gt;
        &lt;div class=&quot;col-xs-6 col-md-4&quot;&gt;
          &lt;input id=&quot;email&quot; class=&quot;form-control&quot; name=&quot;email&quot; type=&quot;email&quot;/&gt;
        &lt;/div&gt;
      &lt;/div&gt;
      &lt;div class=&quot;form-group&quot;&gt;
        &lt;div class=&quot;col-xs-6 col-md-4&quot;&gt;
          &lt;button id=&quot;button&quot; class=&quot;btn btn-default&quot;&gt;
            Add User
          &lt;/button&gt;
        &lt;/div&gt;
      &lt;/div&gt;
    &lt;/form&gt;
  &lt;/body&gt;
&lt;/html&gt;
' contains 'The user was successfully added!'
	at IntegrationSpec$$anonfun$1$$anonfun$apply$3$$anon$3.delayedEndpoint$IntegrationSpec$$anonfun$1$$anonfun$apply$3$$anon$3$1(IntegrationSpec.scala:34)
	at IntegrationSpec$$anonfun$1$$anonfun$apply$3$$anon$3$delayedInit$body.apply(IntegrationSpec.scala:28)
	at play.api.test.WithBrowser$$anonfun$around$4.apply(Specs.scala:89)
	at play.api.test.WithBrowser$$anonfun$around$4.apply(Specs.scala:89)
	at play.api.test.PlayRunners$class.running(Helpers.scala:56)
	at play.api.test.Helpers$.running(Helpers.scala:363)
	at play.api.test.WithBrowser.around(Specs.scala:89)
	at play.api.test.WithBrowser.delayedInit(Specs.scala:72)
	at IntegrationSpec$$anonfun$1$$anonfun$apply$3$$anon$3.&lt;init&gt;(IntegrationSpec.scala:28)
	at IntegrationSpec$$anonfun$1$$anonfun$apply$3.apply(IntegrationSpec.scala:28)
	at IntegrationSpec$$anonfun$1$$anonfun$apply$3.apply(IntegrationSpec.scala:28)
</failure>
                                               </testcase><testcase classname="IntegrationSpec" name="Application should::prevent an empty email from being added" time="0.881">
                                                 
                                               </testcase><testcase classname="IntegrationSpec" name="Application should::prevent an empty name from being added" time="0.844">
                                                 
                                               </testcase><testcase classname="IntegrationSpec" name="Application should::list all users" time="0.104">
                                                 
                                               </testcase>
                     <system-out></system-out>
                     <system-err></system-err>
                   </testsuite>